cookies loaded: ['name', 'value', 'path', 'expiry']
Username added successfully
Password added successfully
Logged in successfully
Waiting 5 seconds for email to arrive
Waiting 5 seconds for email to arrive
Waiting 5 seconds for email to arrive
Waiting 5 seconds for email to arrive
Waiting 5 seconds for email to arrive
Waiting 5 seconds for email to arrive
Waiting 5 seconds for email to arrive
Waiting 5 seconds for email to arrive
Waiting 5 seconds for email to arrive
Waiting 5 seconds for email to arrive
Waiting 5 seconds for email to arrive
Waiting 5 seconds for email to arrive
Waiting 5 seconds for email to arrive
Waiting 5 seconds for email to arrive
Waiting 5 seconds for email to arrive
timeout
Code not found
cookies loaded: ['name', 'value', 'path', 'expiry']
Username added successfully
Password added successfully
Logged in successfully
Waiting 5 seconds for email to arrive
Waiting 5 seconds for email to arrive
Waiting 5 seconds for email to arrive
Waiting 5 seconds for email to arrive
Waiting 5 seconds for email to arrive
Waiting 5 seconds for email to arrive
Waiting 5 seconds for email to arrive
Waiting 5 seconds for email to arrive
Waiting 5 seconds for email to arrive
Waiting 5 seconds for email to arrive
Waiting 5 seconds for email to arrive
Waiting 5 seconds for email to arrive
Waiting 5 seconds for email to arrive
Waiting 5 seconds for email to arrive
Waiting 5 seconds for email to arrive
timeout
Code not found
cookies loaded: ['name', 'value', 'path', 'expiry']
Username added successfully
Password added successfully
Logged in successfully
Waiting 5 seconds for email to arrive
Waiting 5 seconds for email to arrive
Waiting 5 seconds for email to arrive
Waiting 5 seconds for email to arrive
Waiting 5 seconds for email to arrive
Waiting 5 seconds for email to arrive
Waiting 5 seconds for email to arrive
Waiting 5 seconds for email to arrive
Waiting 5 seconds for email to arrive
Waiting 5 seconds for email to arrive
Waiting 5 seconds for email to arrive
Waiting 5 seconds for email to arrive
Waiting 5 seconds for email to arrive
Waiting 5 seconds for email to arrive
Waiting 5 seconds for email to arrive
timeout
Code not found
cookies loaded: ['name', 'value', 'path', 'expiry']
Username added successfully
Password added successfully
Logged in successfully
Waiting 5 seconds for email to arrive
Waiting 5 seconds for email to arrive
Waiting 5 seconds for email to arrive
Waiting 5 seconds for email to arrive
Waiting 5 seconds for email to arrive
Waiting 5 seconds for email to arrive
Waiting 5 seconds for email to arrive
Waiting 5 seconds for email to arrive
Waiting 5 seconds for email to arrive
Waiting 5 seconds for email to arrive
Waiting 5 seconds for email to arrive
Waiting 5 seconds for email to arrive
Waiting 5 seconds for email to arrive
Waiting 5 seconds for email to arrive
Waiting 5 seconds for email to arrive
timeout
Code not found
cookies loaded: ['name', 'value', 'path', 'expiry']
Username added successfully
Password added successfully
Logged in successfully
Waiting 5 seconds for email to arrive
Waiting 5 seconds for email to arrive
Waiting 5 seconds for email to arrive
Waiting 5 seconds for email to arrive
Waiting 5 seconds for email to arrive
Waiting 5 seconds for email to arrive
Waiting 5 seconds for email to arrive
Waiting 5 seconds for email to arrive
Waiting 5 seconds for email to arrive
Waiting 5 seconds for email to arrive
Waiting 5 seconds for email to arrive
Waiting 5 seconds for email to arrive
Waiting 5 seconds for email to arrive
Waiting 5 seconds for email to arrive
Waiting 5 seconds for email to arrive
timeout
Code not found
cookies loaded: ['name', 'value', 'path', 'expiry']
Username added successfully
Password added successfully
Logged in successfully
Waiting 5 seconds for email to arrive
Waiting 5 seconds for email to arrive
Waiting 5 seconds for email to arrive
Waiting 5 seconds for email to arrive
Waiting 5 seconds for email to arrive
Waiting 5 seconds for email to arrive
Waiting 5 seconds for email to arrive
Waiting 5 seconds for email to arrive
Waiting 5 seconds for email to arrive
Waiting 5 seconds for email to arrive
Waiting 5 seconds for email to arrive
Waiting 5 seconds for email to arrive
Waiting 5 seconds for email to arrive
Waiting 5 seconds for email to arrive
Waiting 5 seconds for email to arrive
timeout
Code not found
cookies loaded: ['name', 'value', 'path', 'expiry']
Username added successfully
Password added successfully
Logged in successfully
Waiting 5 seconds for email to arrive
Waiting 5 seconds for email to arrive
Waiting 5 seconds for email to arrive
Waiting 5 seconds for email to arrive
Waiting 5 seconds for email to arrive
Waiting 5 seconds for email to arrive
Waiting 5 seconds for email to arrive
Waiting 5 seconds for email to arrive
Waiting 5 seconds for email to arrive
Waiting 5 seconds for email to arrive
Waiting 5 seconds for email to arrive
Waiting 5 seconds for email to arrive
Waiting 5 seconds for email to arrive
Waiting 5 seconds for email to arrive
Waiting 5 seconds for email to arrive
timeout
Code not found
cookies loaded: ['name', 'value', 'path', 'expiry']
Username added successfully
Password added successfully
Logged in successfully
Waiting 5 seconds for email to arrive
Waiting 5 seconds for email to arrive
Waiting 5 seconds for email to arrive
Waiting 5 seconds for email to arrive
Waiting 5 seconds for email to arrive
Waiting 5 seconds for email to arrive
Waiting 5 seconds for email to arrive
Waiting 5 seconds for email to arrive
Waiting 5 seconds for email to arrive
Waiting 5 seconds for email to arrive
Waiting 5 seconds for email to arrive
Waiting 5 seconds for email to arrive
Waiting 5 seconds for email to arrive
Waiting 5 seconds for email to arrive
Waiting 5 seconds for email to arrive
timeout
Code not found
cookies loaded: ['name', 'value', 'path', 'expiry']
Username added successfully
Password added successfully
Logged in successfully
Waiting 5 seconds for email to arrive
Waiting 5 seconds for email to arrive
Waiting 5 seconds for email to arrive
Waiting 5 seconds for email to arrive
Waiting 5 seconds for email to arrive
Waiting 5 seconds for email to arrive
Waiting 5 seconds for email to arrive
Waiting 5 seconds for email to arrive
Waiting 5 seconds for email to arrive
Waiting 5 seconds for email to arrive
Waiting 5 seconds for email to arrive
Waiting 5 seconds for email to arrive
Waiting 5 seconds for email to arrive
Waiting 5 seconds for email to arrive
Waiting 5 seconds for email to arrive
timeout
Code not found
cookies loaded: ['name', 'value', 'path', 'expiry']
Username added successfully
Password added successfully
Logged in successfully
Waiting 5 seconds for email to arrive
Waiting 5 seconds for email to arrive
Waiting 5 seconds for email to arrive
Waiting 5 seconds for email to arrive
Waiting 5 seconds for email to arrive
Waiting 5 seconds for email to arrive
Waiting 5 seconds for email to arrive
Waiting 5 seconds for email to arrive
Waiting 5 seconds for email to arrive
Waiting 5 seconds for email to arrive
Waiting 5 seconds for email to arrive
Waiting 5 seconds for email to arrive
Waiting 5 seconds for email to arrive
Waiting 5 seconds for email to arrive
Waiting 5 seconds for email to arrive
timeout
Code not found
cookies loaded: ['name', 'value', 'path', 'expiry']
Username added successfully
Password added successfully
Logged in successfully
Waiting 5 seconds for email to arrive
Waiting 5 seconds for email to arrive
Waiting 5 seconds for email to arrive
Waiting 5 seconds for email to arrive
Waiting 5 seconds for email to arrive
Waiting 5 seconds for email to arrive
Waiting 5 seconds for email to arrive
Waiting 5 seconds for email to arrive
Waiting 5 seconds for email to arrive
Waiting 5 seconds for email to arrive
Waiting 5 seconds for email to arrive
Waiting 5 seconds for email to arrive
Waiting 5 seconds for email to arrive
Waiting 5 seconds for email to arrive
Waiting 5 seconds for email to arrive
timeout
Code not found
